2019-05-22 21:39:54,710 INFO  [Log] **************************************************************************************** 
2019-05-22 21:39:54,710 INFO  [Log] $$$$$$$$$$$$$$$$$$$$$                 BookTicketRunner       $$$$$$$$$$$$$$$$$$$$$$$$$ 
2019-05-22 21:39:54,710 INFO  [Log] **************************************************************************************** 
2019-05-22 21:40:25,684 INFO  [Log] XXXXXXXXXXXXXXXXXXXXXXX             -E---N---D-             XXXXXXXXXXXXXXXXXXXXXX 
2019-05-22 21:40:25,684 INFO  [Log] X 
2019-05-22 21:40:25,684 INFO  [Log] X 
2019-05-22 21:40:26,904 INFO  [Log] **************************************************************************************** 
2019-05-22 21:40:26,905 INFO  [Log] $$$$$$$$$$$$$$$$$$$$$                 RegistrationRunner       $$$$$$$$$$$$$$$$$$$$$$$$$ 
2019-05-22 21:40:26,905 INFO  [Log] **************************************************************************************** 
2019-05-22 21:40:42,814 INFO  [Log] Explicity wait applied on the driver for 60 seconds 
2019-05-22 21:40:42,957 INFO  [Log] Login_Signup_button is found on the Home page 
2019-05-22 21:40:43,596 INFO  [Log] Explicity wait applied on the driver for 60 seconds 
2019-05-22 21:40:43,656 INFO  [Log] SpiceCash_SpiceClub_Member_button is found on the Home page 
2019-05-22 21:40:44,288 INFO  [Log] Explicity wait applied on the driver for 60 seconds 
2019-05-22 21:40:44,367 INFO  [Log] Signup_button is found 
2019-05-22 21:40:44,424 INFO  [Log] Explicity wait applied on the driver for 60 seconds 
2019-05-22 21:40:51,680 INFO  [Log] Signup button is found 
2019-05-22 21:40:52,204 INFO  [Log] Explicity wait applied on the driver for 60 seconds 
2019-05-22 21:40:52,456 INFO  [Log] FirstName text box is found on Registration page 
2019-05-22 21:40:52,456 INFO  [Log] khaja is entered as First Name on the Registration page 
2019-05-22 21:40:52,616 INFO  [Log] Last Name text box is found on Registration page 
2019-05-22 21:40:52,616 INFO  [Log] hussain is entered as Last Name on the Registration page 
2019-05-22 21:40:52,841 INFO  [Log] Mobile number text box is found on the Registration page 
2019-05-22 21:40:52,841 INFO  [Log] 9290543618 is entered as Email on the Registration page 
2019-05-22 21:40:53,169 INFO  [Log] Password text box is found on the Registratio page 
2019-05-22 21:40:53,169 INFO  [Log] Welcome@123 is entered as password on the Registration page 
2019-05-22 21:40:53,399 INFO  [Log] Confirmpassword text box is found on the Registration page 
2019-05-22 21:40:53,399 INFO  [Log] Welcome@123 is entered as confirm password on the Registration page 
2019-05-22 21:40:53,400 INFO  [Log] Day drop down is found on Registration page 
2019-05-22 21:40:53,645 INFO  [Log] dob_txtbox is clicked on the Registration page 
2019-05-22 21:41:19,629 INFO  [Log] Explicity wait applied on the driver for 60 seconds 
2019-05-22 21:41:19,719 INFO  [Log] Login_Signup_button is found on the Home page 
2019-05-22 21:41:20,365 INFO  [Log] Explicity wait applied on the driver for 60 seconds 
2019-05-22 21:41:20,437 INFO  [Log] SpiceCash_SpiceClub_Member_button is found on the Home page 
2019-05-22 21:41:21,073 INFO  [Log] Explicity wait applied on the driver for 60 seconds 
2019-05-22 21:41:21,149 INFO  [Log] Signup_button is found 
2019-05-22 21:41:21,203 INFO  [Log] Explicity wait applied on the driver for 60 seconds 
2019-05-22 21:41:28,046 INFO  [Log] Signup button is found 
2019-05-22 21:41:28,436 INFO  [Log] Explicity wait applied on the driver for 60 seconds 
2019-05-22 21:41:28,652 INFO  [Log] FirstName text box is found on Registration page 
2019-05-22 21:41:28,652 INFO  [Log] poola is entered as First Name on the Registration page 
2019-05-22 21:41:28,806 INFO  [Log] Last Name text box is found on Registration page 
2019-05-22 21:41:28,807 INFO  [Log] vali is entered as Last Name on the Registration page 
2019-05-22 21:41:29,103 INFO  [Log] Mobile number text box is found on the Registration page 
2019-05-22 21:41:29,103 INFO  [Log] 7358681940 is entered as Email on the Registration page 
2019-05-22 21:41:29,523 INFO  [Log] Password text box is found on the Registratio page 
2019-05-22 21:41:29,523 INFO  [Log] Welcome@123 is entered as password on the Registration page 
2019-05-22 21:41:29,984 INFO  [Log] Confirmpassword text box is found on the Registration page 
2019-05-22 21:41:29,984 INFO  [Log] Welcome@123 is entered as confirm password on the Registration page 
2019-05-22 21:41:29,985 INFO  [Log] Day drop down is found on Registration page 
2019-05-22 21:41:30,215 INFO  [Log] dob_txtbox is clicked on the Registration page 
2019-05-22 21:41:38,671 INFO  [Log] XXXXXXXXXXXXXXXXXXXXXXX             -E---N---D-             XXXXXXXXXXXXXXXXXXXXXX 
2019-05-22 21:41:38,671 INFO  [Log] X 
2019-05-22 21:41:38,671 INFO  [Log] X 
2019-05-22 21:41:39,004 INFO  [Log] **************************************************************************************** 
2019-05-22 21:41:39,004 INFO  [Log] $$$$$$$$$$$$$$$$$$$$$                 LoginRunner       $$$$$$$$$$$$$$$$$$$$$$$$$ 
2019-05-22 21:41:39,004 INFO  [Log] **************************************************************************************** 
2019-05-22 21:41:53,364 INFO  [Log] Explicity wait applied on the driver for 60 seconds 
2019-05-22 21:41:53,425 INFO  [Log] Login_Signup_button is found on the Home page 
2019-05-22 21:41:54,029 INFO  [Log] Explicity wait applied on the driver for 60 seconds 
2019-05-22 21:41:54,089 INFO  [Log] SpiceCash_SpiceClub_Member_button is found on the Home page 
2019-05-22 21:41:54,501 INFO  [Log] Explicity wait applied on the driver for 60 seconds 
2019-05-22 21:42:01,558 INFO  [Log] Member_Login is found on the Home page 
2019-05-22 21:42:03,668 INFO  [Log] Explicity wait applied on the driver for 60 seconds 
2019-05-22 21:42:03,919 INFO  [Log] mobile_number is found on the Home page 
2019-05-22 21:42:04,190 INFO  [Log] Explicity wait applied on the driver for 60 seconds 
2019-05-22 21:42:04,350 INFO  [Log] password_txtbox is found on the Home page 
2019-05-22 21:42:04,403 INFO  [Log] Explicity wait applied on the driver for 60 seconds 
2019-05-22 21:42:10,579 INFO  [Log] password_txtbox is found on the Home page 
2019-05-22 21:42:14,680 INFO  [Log] Explicity wait applied on the driver for 60 seconds 
2019-05-22 21:42:14,853 INFO  [Log] mobile_number is found on the Home page 
2019-05-22 21:42:15,119 INFO  [Log] Explicity wait applied on the driver for 60 seconds 
2019-05-22 21:42:15,250 INFO  [Log] password_txtbox is found on the Home page 
2019-05-22 21:42:15,290 INFO  [Log] Explicity wait applied on the driver for 60 seconds 
2019-05-22 21:42:20,821 INFO  [Log] password_txtbox is found on the Home page 
2019-05-22 21:42:24,920 INFO  [Log] Explicity wait applied on the driver for 60 seconds 
2019-05-22 21:42:25,163 INFO  [Log] mobile_number is found on the Home page 
2019-05-22 21:42:25,418 INFO  [Log] Explicity wait applied on the driver for 60 seconds 
2019-05-22 21:42:25,588 INFO  [Log] password_txtbox is found on the Home page 
2019-05-22 21:42:25,627 INFO  [Log] Explicity wait applied on the driver for 60 seconds 
2019-05-22 21:42:30,416 INFO  [Log] password_txtbox is found on the Home page 
2019-05-22 21:42:35,547 INFO  [Log] XXXXXXXXXXXXXXXXXXXXXXX             -E---N---D-             XXXXXXXXXXXXXXXXXXXXXX 
2019-05-22 21:42:35,548 INFO  [Log] X 
2019-05-22 21:42:35,548 INFO  [Log] X 
2019-05-22 22:16:18,201 INFO  [Log] **************************************************************************************** 
2019-05-22 22:16:18,201 INFO  [Log] $$$$$$$$$$$$$$$$$$$$$                 BookTicketRunner       $$$$$$$$$$$$$$$$$$$$$$$$$ 
2019-05-22 22:16:18,201 INFO  [Log] **************************************************************************************** 
2019-05-22 22:16:49,433 INFO  [Log] XXXXXXXXXXXXXXXXXXXXXXX             -E---N---D-             XXXXXXXXXXXXXXXXXXXXXX 
2019-05-22 22:16:49,433 INFO  [Log] X 
2019-05-22 22:16:49,433 INFO  [Log] X 
2019-05-22 22:16:52,146 INFO  [Log] **************************************************************************************** 
2019-05-22 22:16:52,147 INFO  [Log] $$$$$$$$$$$$$$$$$$$$$                 RegistrationRunner       $$$$$$$$$$$$$$$$$$$$$$$$$ 
2019-05-22 22:16:52,147 INFO  [Log] **************************************************************************************** 
2019-05-22 22:17:57,305 INFO  [Log] **************************************************************************************** 
2019-05-22 22:17:57,305 INFO  [Log] $$$$$$$$$$$$$$$$$$$$$                 BookTicketRunner       $$$$$$$$$$$$$$$$$$$$$$$$$ 
2019-05-22 22:17:57,305 INFO  [Log] **************************************************************************************** 
2019-05-22 22:18:35,757 INFO  [Log] XXXXXXXXXXXXXXXXXXXXXXX             -E---N---D-             XXXXXXXXXXXXXXXXXXXXXX 
2019-05-22 22:18:35,757 INFO  [Log] X 
2019-05-22 22:18:35,757 INFO  [Log] X 
2019-05-22 22:18:36,821 INFO  [Log] **************************************************************************************** 
2019-05-22 22:18:36,821 INFO  [Log] $$$$$$$$$$$$$$$$$$$$$                 RegistrationRunner       $$$$$$$$$$$$$$$$$$$$$$$$$ 
2019-05-22 22:18:36,821 INFO  [Log] **************************************************************************************** 
2019-05-22 22:19:00,178 INFO  [Log] Explicity wait applied on the driver for 60 seconds 
2019-05-22 22:19:00,275 INFO  [Log] Login_Signup_button is found on the Home page 
2019-05-22 22:19:00,892 INFO  [Log] Explicity wait applied on the driver for 60 seconds 
2019-05-22 22:19:00,980 INFO  [Log] SpiceCash_SpiceClub_Member_button is found on the Home page 
2019-05-22 22:19:01,628 INFO  [Log] Explicity wait applied on the driver for 60 seconds 
2019-05-22 22:19:01,692 INFO  [Log] Signup_button is found 
2019-05-22 22:19:01,739 INFO  [Log] Explicity wait applied on the driver for 60 seconds 
2019-05-22 22:19:10,876 INFO  [Log] Signup button is found 
2019-05-22 22:19:11,184 INFO  [Log] Explicity wait applied on the driver for 60 seconds 
2019-05-22 22:19:11,364 INFO  [Log] FirstName text box is found on Registration page 
2019-05-22 22:19:11,364 INFO  [Log] khaja is entered as First Name on the Registration page 
2019-05-22 22:19:11,524 INFO  [Log] Last Name text box is found on Registration page 
2019-05-22 22:19:11,524 INFO  [Log] hussain is entered as Last Name on the Registration page 
2019-05-22 22:19:11,768 INFO  [Log] Mobile number text box is found on the Registration page 
2019-05-22 22:19:11,768 INFO  [Log] 9290543618 is entered as Email on the Registration page 
2019-05-22 22:19:11,964 INFO  [Log] Password text box is found on the Registratio page 
2019-05-22 22:19:11,964 INFO  [Log] Welcome@123 is entered as password on the Registration page 
2019-05-22 22:19:12,267 INFO  [Log] Confirmpassword text box is found on the Registration page 
2019-05-22 22:19:12,267 INFO  [Log] Welcome@123 is entered as confirm password on the Registration page 
2019-05-22 22:19:12,269 INFO  [Log] Day drop down is found on Registration page 
2019-05-22 22:19:12,548 INFO  [Log] dob_txtbox is clicked on the Registration page 
2019-05-22 22:19:47,182 INFO  [Log] Explicity wait applied on the driver for 60 seconds 
2019-05-22 22:19:47,247 INFO  [Log] Login_Signup_button is found on the Home page 
2019-05-22 22:19:47,884 INFO  [Log] Explicity wait applied on the driver for 60 seconds 
2019-05-22 22:19:47,965 INFO  [Log] SpiceCash_SpiceClub_Member_button is found on the Home page 
2019-05-22 22:19:48,575 INFO  [Log] Explicity wait applied on the driver for 60 seconds 
2019-05-22 22:19:48,641 INFO  [Log] Signup_button is found 
2019-05-22 22:19:48,685 INFO  [Log] Explicity wait applied on the driver for 60 seconds 
2019-05-22 22:19:57,866 INFO  [Log] Signup button is found 
2019-05-22 22:19:58,195 INFO  [Log] Explicity wait applied on the driver for 60 seconds 
2019-05-22 22:19:58,391 INFO  [Log] FirstName text box is found on Registration page 
2019-05-22 22:19:58,391 INFO  [Log] poola is entered as First Name on the Registration page 
2019-05-22 22:19:58,526 INFO  [Log] Last Name text box is found on Registration page 
2019-05-22 22:19:58,527 INFO  [Log] vali is entered as Last Name on the Registration page 
2019-05-22 22:19:58,792 INFO  [Log] Mobile number text box is found on the Registration page 
2019-05-22 22:19:58,792 INFO  [Log] 7358681940 is entered as Email on the Registration page 
2019-05-22 22:19:59,017 INFO  [Log] Password text box is found on the Registratio page 
2019-05-22 22:19:59,017 INFO  [Log] Welcome@123 is entered as password on the Registration page 
2019-05-22 22:19:59,353 INFO  [Log] Confirmpassword text box is found on the Registration page 
2019-05-22 22:19:59,353 INFO  [Log] Welcome@123 is entered as confirm password on the Registration page 
2019-05-22 22:19:59,353 INFO  [Log] Day drop down is found on Registration page 
2019-05-22 22:19:59,645 INFO  [Log] dob_txtbox is clicked on the Registration page 
2019-05-22 22:20:08,784 INFO  [Log] XXXXXXXXXXXXXXXXXXXXXXX             -E---N---D-             XXXXXXXXXXXXXXXXXXXXXX 
2019-05-22 22:20:08,784 INFO  [Log] X 
2019-05-22 22:20:08,784 INFO  [Log] X 
2019-05-22 22:20:09,128 INFO  [Log] **************************************************************************************** 
2019-05-22 22:20:09,129 INFO  [Log] $$$$$$$$$$$$$$$$$$$$$                 LoginRunner       $$$$$$$$$$$$$$$$$$$$$$$$$ 
2019-05-22 22:20:09,129 INFO  [Log] **************************************************************************************** 
2019-05-22 22:20:30,945 INFO  [Log] Explicity wait applied on the driver for 60 seconds 
2019-05-22 22:20:31,031 INFO  [Log] Login_Signup_button is found on the Home page 
2019-05-22 22:20:31,677 INFO  [Log] Explicity wait applied on the driver for 60 seconds 
2019-05-22 22:20:31,756 INFO  [Log] SpiceCash_SpiceClub_Member_button is found on the Home page 
2019-05-22 22:20:32,172 INFO  [Log] Explicity wait applied on the driver for 60 seconds 
2019-05-22 22:20:42,343 INFO  [Log] Member_Login is found on the Home page 
2019-05-22 22:20:44,450 INFO  [Log] Explicity wait applied on the driver for 60 seconds 
2019-05-22 22:20:44,726 INFO  [Log] mobile_number is found on the Home page 
2019-05-22 22:20:44,966 INFO  [Log] Explicity wait applied on the driver for 60 seconds 
2019-05-22 22:20:45,066 INFO  [Log] password_txtbox is found on the Home page 
2019-05-22 22:20:45,130 INFO  [Log] Explicity wait applied on the driver for 60 seconds 
2019-05-22 22:20:50,703 INFO  [Log] password_txtbox is found on the Home page 
2019-05-22 22:20:54,813 INFO  [Log] Explicity wait applied on the driver for 60 seconds 
2019-05-22 22:20:55,062 INFO  [Log] mobile_number is found on the Home page 
2019-05-22 22:20:55,306 INFO  [Log] Explicity wait applied on the driver for 60 seconds 
2019-05-22 22:20:55,432 INFO  [Log] password_txtbox is found on the Home page 
2019-05-22 22:20:55,462 INFO  [Log] Explicity wait applied on the driver for 60 seconds 
2019-05-22 22:21:01,984 INFO  [Log] password_txtbox is found on the Home page 
2019-05-22 22:21:06,091 INFO  [Log] Explicity wait applied on the driver for 60 seconds 
2019-05-22 22:21:06,311 INFO  [Log] mobile_number is found on the Home page 
2019-05-22 22:21:06,595 INFO  [Log] Explicity wait applied on the driver for 60 seconds 
2019-05-22 22:21:06,859 INFO  [Log] password_txtbox is found on the Home page 
2019-05-22 22:21:06,895 INFO  [Log] Explicity wait applied on the driver for 60 seconds 
2019-05-22 22:21:11,627 INFO  [Log] password_txtbox is found on the Home page 
2019-05-22 22:21:16,943 INFO  [Log] XXXXXXXXXXXXXXXXXXXXXXX             -E---N---D-             XXXXXXXXXXXXXXXXXXXXXX 
2019-05-22 22:21:16,943 INFO  [Log] X 
2019-05-22 22:21:16,943 INFO  [Log] X 
